[0.079s] Invoking command in '/home/luis/azure_sky_ros2/build/auto_aim_interfaces': CMAKE_PREFIX_PATH=${CMAKE_PREFIX_PATH}:/opt/ros/humble /usr/bin/cmake --build /home/luis/azure_sky_ros2/build/auto_aim_interfaces -- -j12 -l12
[0.148s] -- Found ament_cmake: 1.3.11 (/opt/ros/humble/share/ament_cmake/cmake)
[0.554s] -- Found rosidl_default_generators: 1.2.0 (/opt/ros/humble/share/rosidl_default_generators/cmake)
[0.560s] -- Using all available rosidl_typesupport_c: rosidl_typesupport_fastrtps_c;rosidl_typesupport_introspection_c
[0.565s] -- Found rosidl_adapter: 3.1.6 (/opt/ros/humble/share/rosidl_adapter/cmake)
[0.626s] -- Using all available rosidl_typesupport_cpp: rosidl_typesupport_fastrtps_cpp;rosidl_typesupport_introspection_cpp
[0.668s] -- Found geometry_msgs: 4.9.0 (/opt/ros/humble/share/geometry_msgs/cmake)
[1.069s] [31mCMake Error at /opt/ros/humble/share/rosidl_adapter/cmake/rosidl_adapt_interfaces.cmake:59 (message):
[1.069s]   execute_process(/usr/bin/python3 -m rosidl_adapter --package-name
[1.069s]   auto_aim_interfaces --arguments-file
[1.069s]   /home/luis/azure_sky_ros2/build/auto_aim_interfaces/rosidl_adapter__arguments__auto_aim_interfaces.json
[1.070s]   --output-dir
[1.070s]   /home/luis/azure_sky_ros2/build/auto_aim_interfaces/rosidl_adapter/auto_aim_interfaces
[1.070s]   --output-file
[1.070s]   /home/luis/azure_sky_ros2/build/auto_aim_interfaces/rosidl_adapter/auto_aim_interfaces.idls)
[1.070s]   returned error code 1:
[1.070s] 
[1.070s]   Error processing 'ï¼ƒ geometry_msgs/Vector3 velocity' of
[1.070s]   'auto_aim_interfaces/Target': ''ï¼ƒ' is an invalid message name.  It should
[1.070s]   have the pattern '^[A-Z][A-Za-z0-9]*$''
[1.070s] 
[1.070s]   Traceback (most recent call last):
[1.070s] 
[1.070s]     File "/usr/lib/python3.10/runpy.py", line 196, in _run_module_as_main
[1.071s]       return _run_code(code, main_globals, None,
[1.071s]     File "/usr/lib/python3.10/runpy.py", line 86, in _run_code
[1.071s]       exec(code, run_globals)
[1.071s]     File "/opt/ros/humble/local/lib/python3.10/dist-packages/rosidl_adapter/__main__.py", line 19, in <module>
[1.071s]       sys.exit(main())
[1.071s]     File "/opt/ros/humble/local/lib/python3.10/dist-packages/rosidl_adapter/main.py", line 53, in main
[1.071s]       abs_idl_file = convert_to_idl(
[1.071s]     File "/opt/ros/humble/local/lib/python3.10/dist-packages/rosidl_adapter/__init__.py", line 19, in convert_to_idl
[1.071s]       return convert_msg_to_idl(
[1.071s]     File "/opt/ros/humble/local/lib/python3.10/dist-packages/rosidl_adapter/msg/__init__.py", line 28, in convert_msg_to_idl
[1.071s]       msg = parse_message_string(package_name, input_file.stem, content)
[1.071s]     File "/opt/ros/humble/local/lib/python3.10/dist-packages/rosidl_adapter/parser.py", line 520, in parse_message_string
[1.071s]       Type(type_string, context_package_name=pkg_name),
[1.071s]     File "/opt/ros/humble/local/lib/python3.10/dist-packages/rosidl_adapter/parser.py", line 277, in __init__
[1.072s]       super(Type, self).__init__(
[1.072s]     File "/opt/ros/humble/local/lib/python3.10/dist-packages/rosidl_adapter/parser.py", line 205, in __init__
[1.072s]       raise InvalidResourceName(
[1.072s] 
[1.072s]   rosidl_adapter.parser.InvalidResourceName: 'ï¼ƒ' is an invalid message
[1.072s]   name.  It should have the pattern '^[A-Z][A-Za-z0-9]*$'
[1.072s] 
[1.072s] Call Stack (most recent call first):
[1.072s]   /opt/ros/humble/share/rosidl_cmake/cmake/rosidl_generate_interfaces.cmake:130 (rosidl_adapt_interfaces)
[1.072s]   CMakeLists.txt:13 (rosidl_generate_interfaces)
[1.072s] 
[1.072s] [0m
[1.072s] -- Configuring incomplete, errors occurred!
[1.073s] See also "/home/luis/azure_sky_ros2/build/auto_aim_interfaces/CMakeFiles/CMakeOutput.log".
[1.102s] gmake: *** [Makefile:2691: cmake_check_build_system] Error 1
[1.122s] Invoked command in '/home/luis/azure_sky_ros2/build/auto_aim_interfaces' returned '2': CMAKE_PREFIX_PATH=${CMAKE_PREFIX_PATH}:/opt/ros/humble /usr/bin/cmake --build /home/luis/azure_sky_ros2/build/auto_aim_interfaces -- -j12 -l12
