[01m[K/home/luis/azure_sky_ros2/src/rm_auto_aim/armor_tracker/src/tracker_node.cpp:[m[K In member function â€˜[01m[Kvoid rm_auto_aim::ArmorTrackerNode::armorsCallback(auto_aim_interfaces::msg::Armors_<std::allocator<void> >::SharedPtr)[m[Kâ€™:
[01m[K/home/luis/azure_sky_ros2/src/rm_auto_aim/armor_tracker/src/tracker_node.cpp:325:18:[m[K [01;31m[Kerror: [m[Kâ€˜[01m[Kusing Target = struct auto_aim_interfaces::msg::Target_<std::allocator<void> >[m[Kâ€™ {aka â€˜[01m[Kstruct auto_aim_interfaces::msg::Target_<std::allocator<void> >[m[Kâ€™} has no member named â€˜[01m[Kvelocity[m[Kâ€™
  325 |       target_msg.[01;31m[Kvelocity[m[K.x = state(1);
      |                  [01;31m[K^~~~~~~~[m[K
[01m[K/home/luis/azure_sky_ros2/src/rm_auto_aim/armor_tracker/src/tracker_node.cpp:327:18:[m[K [01;31m[Kerror: [m[Kâ€˜[01m[Kusing Target = struct auto_aim_interfaces::msg::Target_<std::allocator<void> >[m[Kâ€™ {aka â€˜[01m[Kstruct auto_aim_interfaces::msg::Target_<std::allocator<void> >[m[Kâ€™} has no member named â€˜[01m[Kvelocity[m[Kâ€™
  327 |       target_msg.[01;31m[Kvelocity[m[K.y = state(3);
      |                  [01;31m[K^~~~~~~~[m[K
[01m[K/home/luis/azure_sky_ros2/src/rm_auto_aim/armor_tracker/src/tracker_node.cpp:329:18:[m[K [01;31m[Kerror: [m[Kâ€˜[01m[Kusing Target = struct auto_aim_interfaces::msg::Target_<std::allocator<void> >[m[Kâ€™ {aka â€˜[01m[Kstruct auto_aim_interfaces::msg::Target_<std::allocator<void> >[m[Kâ€™} has no member named â€˜[01m[Kvelocity[m[Kâ€™
  329 |       target_msg.[01;31m[Kvelocity[m[K.z = state(5);
      |                  [01;31m[K^~~~~~~~[m[K
[01m[K/home/luis/azure_sky_ros2/src/rm_auto_aim/armor_tracker/src/tracker_node.cpp:[m[K In member function â€˜[01m[Kvoid rm_auto_aim::ArmorTrackerNode::publishMarkers(const Target&)[m[Kâ€™:
[01m[K/home/luis/azure_sky_ros2/src/rm_auto_aim/armor_tracker/src/tracker_node.cpp:358:28:[m[K [01;31m[Kerror: [m[Kâ€˜[01m[Kconst Target[m[Kâ€™ {aka â€˜[01m[Kconst struct auto_aim_interfaces::msg::Target_<std::allocator<void> >[m[Kâ€™} has no member named â€˜[01m[Kvelocity[m[Kâ€™
  358 |     double vx = target_msg.[01;31m[Kvelocity[m[K.x, vy = target_msg.velocity.y, vz = target_msg.velocity.z;
      |                            [01;31m[K^~~~~~~~[m[K
[01m[K/home/luis/azure_sky_ros2/src/rm_auto_aim/armor_tracker/src/tracker_node.cpp:371:20:[m[K [01;31m[Kerror: [m[Kâ€˜[01m[Kvy[m[Kâ€™ was not declared in this scope; did you mean â€˜[01m[Kvx[m[Kâ€™?
  371 |     arrow_end.y += [01;31m[Kvy[m[K;
      |                    [01;31m[K^~[m[K
      |                    [32m[Kvx[m[K
[01m[K/home/luis/azure_sky_ros2/src/rm_auto_aim/armor_tracker/src/tracker_node.cpp:372:20:[m[K [01;31m[Kerror: [m[Kâ€˜[01m[Kvz[m[Kâ€™ was not declared in this scope; did you mean â€˜[01m[Kdz[m[Kâ€™?
  372 |     arrow_end.z += [01;31m[Kvz[m[K;
      |                    [01;31m[K^~[m[K
      |                    [32m[Kdz[m[K
gmake[2]: *** [CMakeFiles/armor_tracker.dir/build.make:104: CMakeFiles/armor_tracker.dir/src/tracker_node.cpp.o] Error 1
gmake[1]: *** [CMakeFiles/Makefile2:139: CMakeFiles/armor_tracker.dir/all] Error 2
gmake: *** [Makefile:146: all] Error 2
