[0.024s] Invoking command in '/home/luis/azure_sky_ros2/build/armor_tracker': CMAKE_PREFIX_PATH=/home/luis/azure_sky_ros2/install/auto_aim_interfaces:/home/luis/azure_sky_ros2/install/controlko_bringup:/home/luis/azure_sky_ros2/install/tide_shooter_controller:/home/luis/azure_sky_ros2/install/tide_gimbal_controller:/home/luis/azure_sky_ros2/install/autoaim_bridge:/home/luis/azure_sky_ros2/install/tide_msgs:/home/luis/azure_sky_ros2/install/my_hardware_interface:/home/luis/azure_sky_ros2/install/serial:/home/luis/azure_sky_ros2/install/rm_can_driver:/home/luis/azure_sky_ros2/install/ros2_socketcan:/home/luis/azure_sky_ros2/install/ros2_socketcan_msgs:/home/luis/azure_sky_ros2/install/rm_vision_bringup:/home/luis/azure_sky_ros2/install/rm_buff_bringup:/home/luis/azure_sky_ros2/install/rm_gimbal_description:/home/luis/azure_sky_ros2/install/rm_buff:/home/luis/azure_sky_ros2/install/rm_auto_record:/home/luis/azure_sky_ros2/install/rm_auto_aim:/home/luis/azure_sky_ros2/install/hik_camera:/home/luis/azure_sky_ros2/install/buff_tracker:/home/luis/azure_sky_ros2/install/buff_detector:/home/luis/azure_sky_ros2/install/buff_interfaces:/home/luis/azure_sky_ros2/install/armor_tracker:/home/luis/azure_sky_ros2/install/armor_detector:/opt/ros/humble LD_LIBRARY_PATH=/home/luis/azure_sky_ros2/install/auto_aim_interfaces/lib:/home/luis/azure_sky_ros2/install/tide_shooter_controller/lib:/home/luis/azure_sky_ros2/install/tide_gimbal_controller/lib:/home/luis/azure_sky_ros2/install/tide_msgs/lib:/home/luis/azure_sky_ros2/install/my_hardware_interface/lib:/home/luis/azure_sky_ros2/install/serial/lib:/home/luis/azure_sky_ros2/install/ros2_socketcan/lib:/home/luis/azure_sky_ros2/install/ros2_socketcan_msgs/lib:/home/luis/azure_sky_ros2/install/rm_auto_record/lib:/home/luis/azure_sky_ros2/install/hik_camera/lib:/home/luis/azure_sky_ros2/install/buff_tracker/lib:/home/luis/azure_sky_ros2/install/buff_detector/lib:/home/luis/azure_sky_ros2/install/buff_interfaces/lib:/home/luis/azure_sky_ros2/install/armor_tracker/lib:/home/luis/azure_sky_ros2/install/armor_detector/lib:/opt/MVS/lib/64:/opt/MVS/lib/32:/usr/lib/x86_64-linux-gnu/gazebo-11/plugins:/opt/ros/humble/opt/rviz_ogre_vendor/lib:/opt/ros/humble/lib/x86_64-linux-gnu:/opt/ros/humble/lib:/opt/MVS/lib/64:/opt/MVS/lib/32:/opt/MVS/lib/64:/opt/MVS/lib/32 /usr/bin/cmake --build /home/luis/azure_sky_ros2/build/armor_tracker -- -j12 -l12
[0.104s] [ 33%] Built target armor_tracker_node
[0.116s] [ 66%] [32mBuilding CXX object CMakeFiles/armor_tracker.dir/src/tracker.cpp.o[0m
[0.116s] [ 66%] [32mBuilding CXX object CMakeFiles/armor_tracker.dir/src/tracker_node.cpp.o[0m
[4.128s] [01m[K/home/luis/azure_sky_ros2/src/rm_auto_aim/armor_tracker/src/tracker_node.cpp:[m[K In member function â€˜[01m[Kvoid rm_auto_aim::ArmorTrackerNode::armorsCallback(auto_aim_interfaces::msg::Armors_<std::allocator<void> >::SharedPtr)[m[Kâ€™:
[4.128s] [01m[K/home/luis/azure_sky_ros2/src/rm_auto_aim/armor_tracker/src/tracker_node.cpp:325:18:[m[K [01;31m[Kerror: [m[Kâ€˜[01m[Kusing Target = struct auto_aim_interfaces::msg::Target_<std::allocator<void> >[m[Kâ€™ {aka â€˜[01m[Kstruct auto_aim_interfaces::msg::Target_<std::allocator<void> >[m[Kâ€™} has no member named â€˜[01m[Kvelocity[m[Kâ€™
[4.128s]   325 |       target_msg.[01;31m[Kvelocity[m[K.x = state(1);
[4.128s]       |                  [01;31m[K^~~~~~~~[m[K
[4.129s] [01m[K/home/luis/azure_sky_ros2/src/rm_auto_aim/armor_tracker/src/tracker_node.cpp:327:18:[m[K [01;31m[Kerror: [m[Kâ€˜[01m[Kusing Target = struct auto_aim_interfaces::msg::Target_<std::allocator<void> >[m[Kâ€™ {aka â€˜[01m[Kstruct auto_aim_interfaces::msg::Target_<std::allocator<void> >[m[Kâ€™} has no member named â€˜[01m[Kvelocity[m[Kâ€™
[4.129s]   327 |       target_msg.[01;31m[Kvelocity[m[K.y = state(3);
[4.129s]       |                  [01;31m[K^~~~~~~~[m[K
[4.129s] [01m[K/home/luis/azure_sky_ros2/src/rm_auto_aim/armor_tracker/src/tracker_node.cpp:329:18:[m[K [01;31m[Kerror: [m[Kâ€˜[01m[Kusing Target = struct auto_aim_interfaces::msg::Target_<std::allocator<void> >[m[Kâ€™ {aka â€˜[01m[Kstruct auto_aim_interfaces::msg::Target_<std::allocator<void> >[m[Kâ€™} has no member named â€˜[01m[Kvelocity[m[Kâ€™
[4.129s]   329 |       target_msg.[01;31m[Kvelocity[m[K.z = state(5);
[4.129s]       |                  [01;31m[K^~~~~~~~[m[K
[4.131s] [01m[K/home/luis/azure_sky_ros2/src/rm_auto_aim/armor_tracker/src/tracker_node.cpp:[m[K In member function â€˜[01m[Kvoid rm_auto_aim::ArmorTrackerNode::publishMarkers(const Target&)[m[Kâ€™:
[4.131s] [01m[K/home/luis/azure_sky_ros2/src/rm_auto_aim/armor_tracker/src/tracker_node.cpp:358:28:[m[K [01;31m[Kerror: [m[Kâ€˜[01m[Kconst Target[m[Kâ€™ {aka â€˜[01m[Kconst struct auto_aim_interfaces::msg::Target_<std::allocator<void> >[m[Kâ€™} has no member named â€˜[01m[Kvelocity[m[Kâ€™
[4.131s]   358 |     double vx = target_msg.[01;31m[Kvelocity[m[K.x, vy = target_msg.velocity.y, vz = target_msg.velocity.z;
[4.131s]       |                            [01;31m[K^~~~~~~~[m[K
[4.137s] [01m[K/home/luis/azure_sky_ros2/src/rm_auto_aim/armor_tracker/src/tracker_node.cpp:371:20:[m[K [01;31m[Kerror: [m[Kâ€˜[01m[Kvy[m[Kâ€™ was not declared in this scope; did you mean â€˜[01m[Kvx[m[Kâ€™?
[4.137s]   371 |     arrow_end.y += [01;31m[Kvy[m[K;
[4.137s]       |                    [01;31m[K^~[m[K
[4.137s]       |                    [32m[Kvx[m[K
[4.143s] [01m[K/home/luis/azure_sky_ros2/src/rm_auto_aim/armor_tracker/src/tracker_node.cpp:372:20:[m[K [01;31m[Kerror: [m[Kâ€˜[01m[Kvz[m[Kâ€™ was not declared in this scope; did you mean â€˜[01m[Kdz[m[Kâ€™?
[4.143s]   372 |     arrow_end.z += [01;31m[Kvz[m[K;
[4.143s]       |                    [01;31m[K^~[m[K
[4.143s]       |                    [32m[Kdz[m[K
[9.158s] gmake[2]: *** [CMakeFiles/armor_tracker.dir/build.make:104: CMakeFiles/armor_tracker.dir/src/tracker_node.cpp.o] Error 1
[9.159s] gmake[1]: *** [CMakeFiles/Makefile2:139: CMakeFiles/armor_tracker.dir/all] Error 2
[9.159s] gmake: *** [Makefile:146: all] Error 2
[9.165s] Invoked command in '/home/luis/azure_sky_ros2/build/armor_tracker' returned '2': CMAKE_PREFIX_PATH=/home/luis/azure_sky_ros2/install/auto_aim_interfaces:/home/luis/azure_sky_ros2/install/controlko_bringup:/home/luis/azure_sky_ros2/install/tide_shooter_controller:/home/luis/azure_sky_ros2/install/tide_gimbal_controller:/home/luis/azure_sky_ros2/install/autoaim_bridge:/home/luis/azure_sky_ros2/install/tide_msgs:/home/luis/azure_sky_ros2/install/my_hardware_interface:/home/luis/azure_sky_ros2/install/serial:/home/luis/azure_sky_ros2/install/rm_can_driver:/home/luis/azure_sky_ros2/install/ros2_socketcan:/home/luis/azure_sky_ros2/install/ros2_socketcan_msgs:/home/luis/azure_sky_ros2/install/rm_vision_bringup:/home/luis/azure_sky_ros2/install/rm_buff_bringup:/home/luis/azure_sky_ros2/install/rm_gimbal_description:/home/luis/azure_sky_ros2/install/rm_buff:/home/luis/azure_sky_ros2/install/rm_auto_record:/home/luis/azure_sky_ros2/install/rm_auto_aim:/home/luis/azure_sky_ros2/install/hik_camera:/home/luis/azure_sky_ros2/install/buff_tracker:/home/luis/azure_sky_ros2/install/buff_detector:/home/luis/azure_sky_ros2/install/buff_interfaces:/home/luis/azure_sky_ros2/install/armor_tracker:/home/luis/azure_sky_ros2/install/armor_detector:/opt/ros/humble LD_LIBRARY_PATH=/home/luis/azure_sky_ros2/install/auto_aim_interfaces/lib:/home/luis/azure_sky_ros2/install/tide_shooter_controller/lib:/home/luis/azure_sky_ros2/install/tide_gimbal_controller/lib:/home/luis/azure_sky_ros2/install/tide_msgs/lib:/home/luis/azure_sky_ros2/install/my_hardware_interface/lib:/home/luis/azure_sky_ros2/install/serial/lib:/home/luis/azure_sky_ros2/install/ros2_socketcan/lib:/home/luis/azure_sky_ros2/install/ros2_socketcan_msgs/lib:/home/luis/azure_sky_ros2/install/rm_auto_record/lib:/home/luis/azure_sky_ros2/install/hik_camera/lib:/home/luis/azure_sky_ros2/install/buff_tracker/lib:/home/luis/azure_sky_ros2/install/buff_detector/lib:/home/luis/azure_sky_ros2/install/buff_interfaces/lib:/home/luis/azure_sky_ros2/install/armor_tracker/lib:/home/luis/azure_sky_ros2/install/armor_detector/lib:/opt/MVS/lib/64:/opt/MVS/lib/32:/usr/lib/x86_64-linux-gnu/gazebo-11/plugins:/opt/ros/humble/opt/rviz_ogre_vendor/lib:/opt/ros/humble/lib/x86_64-linux-gnu:/opt/ros/humble/lib:/opt/MVS/lib/64:/opt/MVS/lib/32:/opt/MVS/lib/64:/opt/MVS/lib/32 /usr/bin/cmake --build /home/luis/azure_sky_ros2/build/armor_tracker -- -j12 -l12
